2022-11-10 11:51:45.843  INFO 8808 --- [restartedMain] com.student.ust.UstApplication           : Starting UstApplication using Java 1.8.0_241 on ustfsd57 with PID 8808 (C:\Users\ustjavafsdb220\Downloads\ust\ust\target\classes started by ustjavafsdb220 in C:\Users\ustjavafsdb220\Downloads\ust)
2022-11-10 11:51:45.844 DEBUG 8808 --- [restartedMain] com.student.ust.UstApplication           : Running with Spring Boot v2.7.5, Spring v5.3.23
2022-11-10 11:51:45.845  INFO 8808 --- [restartedMain] com.student.ust.UstApplication           : The following 1 profile is active: "dev"
2022-11-10 11:51:45.969  INFO 8808 --- [restartedMain] .e.DevToolsPropertyDefaultsPostProcessor : Devtools property defaults active! Set 'spring.devtools.add-properties' to 'false' to disable
2022-11-10 11:51:45.971  INFO 8808 --- [restartedMain] .e.DevToolsPropertyDefaultsPostProcessor : For additional web related logging consider setting the 'logging.level.web' property to 'DEBUG'
2022-11-10 11:51:47.682  INFO 8808 --- [restartedMain] .s.d.r.c.RepositoryConfigurationDelegate : Bootstrapping Spring Data JPA repositories in DEFAULT mode.
2022-11-10 11:51:47.784  INFO 8808 --- [restartedMain] .s.d.r.c.RepositoryConfigurationDelegate : Finished Spring Data repository scanning in 80 ms. Found 2 JPA repository interfaces.
2022-11-10 11:51:49.321  INFO 8808 --- [restartedMain] o.s.b.w.embedded.tomcat.TomcatWebServer  : Tomcat initialized with port(s): 8080 (http)
2022-11-10 11:51:49.347  INFO 8808 --- [restartedMain] o.apache.catalina.core.StandardService   : Starting service [Tomcat]
2022-11-10 11:51:49.347  INFO 8808 --- [restartedMain] org.apache.catalina.core.StandardEngine  : Starting Servlet engine: [Apache Tomcat/9.0.68]
2022-11-10 11:51:49.529  INFO 8808 --- [restartedMain] o.a.c.c.C.[Tomcat].[localhost].[/]       : Initializing Spring embedded WebApplicationContext
2022-11-10 11:51:49.530  INFO 8808 --- [restartedMain] w.s.c.ServletWebServerApplicationContext : Root WebApplicationContext: initialization completed in 3558 ms
2022-11-10 11:51:49.982  INFO 8808 --- [restartedMain] o.hibernate.jpa.internal.util.LogHelper  : HHH000204: Processing PersistenceUnitInfo [name: default]
2022-11-10 11:51:50.138  INFO 8808 --- [restartedMain] org.hibernate.Version                    : HHH000412: Hibernate ORM core version 5.6.12.Final
2022-11-10 11:51:50.491  INFO 8808 --- [restartedMain] o.hibernate.annotations.common.Version   : HCANN000001: Hibernate Commons Annotations {5.1.2.Final}
2022-11-10 11:51:50.716  INFO 8808 --- [restartedMain] com.zaxxer.hikari.HikariDataSource       : HikariPool-1 - Starting...
2022-11-10 11:51:51.427  INFO 8808 --- [restartedMain] com.zaxxer.hikari.HikariDataSource       : HikariPool-1 - Start completed.
2022-11-10 11:51:51.473  INFO 8808 --- [restartedMain] org.hibernate.dialect.Dialect            : HHH000400: Using dialect: org.hibernate.dialect.MySQL5Dialect
2022-11-10 11:51:53.126  INFO 8808 --- [restartedMain] o.h.e.t.j.p.i.JtaPlatformInitiator       : HHH000490: Using JtaPlatform implementation: [org.hibernate.engine.transaction.jta.platform.internal.NoJtaPlatform]
2022-11-10 11:51:53.144  INFO 8808 --- [restartedMain] j.LocalContainerEntityManagerFactoryBean : Initialized JPA EntityManagerFactory for persistence unit 'default'
2022-11-10 11:51:54.778  WARN 8808 --- [restartedMain] JpaBaseConfiguration$JpaWebConfiguration : spring.jpa.open-in-view is enabled by default. Therefore, database queries may be performed during view rendering. Explicitly configure spring.jpa.open-in-view to disable this warning
2022-11-10 11:51:55.048  INFO 8808 --- [restartedMain] pertySourcedRequestMappingHandlerMapping : Mapped URL path [/v2/api-docs] onto method [springfox.documentation.swagger2.web.Swagger2Controller#getDocumentation(String, HttpServletRequest)]
2022-11-10 11:51:55.245  INFO 8808 --- [restartedMain] o.s.b.d.a.OptionalLiveReloadServer       : LiveReload server is running on port 35729
2022-11-10 11:51:56.651  INFO 8808 --- [restartedMain] o.s.b.w.embedded.tomcat.TomcatWebServer  : Tomcat started on port(s): 8080 (http) with context path ''
2022-11-10 11:51:56.659  INFO 8808 --- [restartedMain] d.s.w.p.DocumentationPluginsBootstrapper : Context refreshed
2022-11-10 11:51:56.712  INFO 8808 --- [restartedMain] d.s.w.p.DocumentationPluginsBootstrapper : Found 1 custom documentation plugin(s)
2022-11-10 11:51:56.795  INFO 8808 --- [restartedMain] s.d.s.w.s.ApiListingReferenceScanner     : Scanning for api listing references
2022-11-10 11:51:57.037  INFO 8808 --- [restartedMain] .d.s.w.r.o.CachingOperationNameGenerator : Generating unique operation named: addUsingPOST_1
2022-11-10 11:51:57.042  INFO 8808 --- [restartedMain] .d.s.w.r.o.CachingOperationNameGenerator : Generating unique operation named: deleteUsingDELETE_1
2022-11-10 11:51:57.050  INFO 8808 --- [restartedMain] .d.s.w.r.o.CachingOperationNameGenerator : Generating unique operation named: getUsingGET_1
2022-11-10 11:51:57.054  INFO 8808 --- [restartedMain] .d.s.w.r.o.CachingOperationNameGenerator : Generating unique operation named: getUsingGET_2
2022-11-10 11:51:57.060  INFO 8808 --- [restartedMain] .d.s.w.r.o.CachingOperationNameGenerator : Generating unique operation named: putUsingPUT_1
2022-11-10 11:51:57.088  INFO 8808 --- [restartedMain] com.student.ust.UstApplication           : Started UstApplication in 11.992 seconds (JVM running for 13.331)
2022-11-10 15:36:29.388  INFO 8808 --- [http-nio-8080-exec-1] o.a.c.c.C.[Tomcat].[localhost].[/]       : Initializing Spring DispatcherServlet 'dispatcherServlet'
2022-11-10 15:36:29.405  INFO 8808 --- [http-nio-8080-exec-1] o.s.web.servlet.DispatcherServlet        : Initializing Servlet 'dispatcherServlet'
2022-11-10 15:36:29.550  INFO 8808 --- [http-nio-8080-exec-1] o.s.web.servlet.DispatcherServlet        : Completed initialization in 143 ms
2022-11-10 16:40:24.101 DEBUG 8808 --- [http-nio-8080-exec-5] c.s.ust.controller.StudentController     : Passed in ID is >>>> 1000
2022-11-10 16:42:38.317  INFO 8808 --- [SpringApplicationShutdownHook] j.LocalContainerEntityManagerFactoryBean : Closing JPA EntityManagerFactory for persistence unit 'default'
2022-11-10 16:42:38.369  INFO 8808 --- [SpringApplicationShutdownHook] com.zaxxer.hikari.HikariDataSource       : HikariPool-1 - Shutdown initiated...
2022-11-10 16:42:38.387  INFO 8808 --- [SpringApplicationShutdownHook] com.zaxxer.hikari.HikariDataSource       : HikariPool-1 - Shutdown completed.
2022-11-10 16:42:44.100  INFO 16952 --- [restartedMain] com.student.ust.UstApplication           : Starting UstApplication using Java 1.8.0_241 on ustfsd57 with PID 16952 (C:\Users\ustjavafsdb220\Downloads\ust\ust\target\classes started by ustjavafsdb220 in C:\Users\ustjavafsdb220\Downloads\ust)
2022-11-10 16:42:44.102 DEBUG 16952 --- [restartedMain] com.student.ust.UstApplication           : Running with Spring Boot v2.7.5, Spring v5.3.23
2022-11-10 16:42:44.102  INFO 16952 --- [restartedMain] com.student.ust.UstApplication           : The following 1 profile is active: "dev"
2022-11-10 16:42:44.221  INFO 16952 --- [restartedMain] .e.DevToolsPropertyDefaultsPostProcessor : Devtools property defaults active! Set 'spring.devtools.add-properties' to 'false' to disable
2022-11-10 16:42:44.222  INFO 16952 --- [restartedMain] .e.DevToolsPropertyDefaultsPostProcessor : For additional web related logging consider setting the 'logging.level.web' property to 'DEBUG'
2022-11-10 16:42:45.972  INFO 16952 --- [restartedMain] .s.d.r.c.RepositoryConfigurationDelegate : Bootstrapping Spring Data JPA repositories in DEFAULT mode.
2022-11-10 16:42:46.079  INFO 16952 --- [restartedMain] .s.d.r.c.RepositoryConfigurationDelegate : Finished Spring Data repository scanning in 86 ms. Found 2 JPA repository interfaces.
2022-11-10 16:42:47.807  INFO 16952 --- [restartedMain] o.s.b.w.embedded.tomcat.TomcatWebServer  : Tomcat initialized with port(s): 8080 (http)
2022-11-10 16:42:47.829  INFO 16952 --- [restartedMain] o.apache.catalina.core.StandardService   : Starting service [Tomcat]
2022-11-10 16:42:47.830  INFO 16952 --- [restartedMain] org.apache.catalina.core.StandardEngine  : Starting Servlet engine: [Apache Tomcat/9.0.68]
2022-11-10 16:42:48.063  INFO 16952 --- [restartedMain] o.a.c.c.C.[Tomcat].[localhost].[/]       : Initializing Spring embedded WebApplicationContext
2022-11-10 16:42:48.063  INFO 16952 --- [restartedMain] w.s.c.ServletWebServerApplicationContext : Root WebApplicationContext: initialization completed in 3840 ms
2022-11-10 16:42:48.490  INFO 16952 --- [restartedMain] o.hibernate.jpa.internal.util.LogHelper  : HHH000204: Processing PersistenceUnitInfo [name: default]
2022-11-10 16:42:48.670  INFO 16952 --- [restartedMain] org.hibernate.Version                    : HHH000412: Hibernate ORM core version 5.6.12.Final
2022-11-10 16:42:49.055  INFO 16952 --- [restartedMain] o.hibernate.annotations.common.Version   : HCANN000001: Hibernate Commons Annotations {5.1.2.Final}
2022-11-10 16:42:49.264  INFO 16952 --- [restartedMain] com.zaxxer.hikari.HikariDataSource       : HikariPool-1 - Starting...
2022-11-10 16:42:49.943  INFO 16952 --- [restartedMain] com.zaxxer.hikari.HikariDataSource       : HikariPool-1 - Start completed.
2022-11-10 16:42:49.977  INFO 16952 --- [restartedMain] org.hibernate.dialect.Dialect            : HHH000400: Using dialect: org.hibernate.dialect.MySQL5Dialect
2022-11-10 16:42:51.535  INFO 16952 --- [restartedMain] o.h.e.t.j.p.i.JtaPlatformInitiator       : HHH000490: Using JtaPlatform implementation: [org.hibernate.engine.transaction.jta.platform.internal.NoJtaPlatform]
2022-11-10 16:42:51.552  INFO 16952 --- [restartedMain] j.LocalContainerEntityManagerFactoryBean : Initialized JPA EntityManagerFactory for persistence unit 'default'
2022-11-10 16:42:53.241  WARN 16952 --- [restartedMain] JpaBaseConfiguration$JpaWebConfiguration : spring.jpa.open-in-view is enabled by default. Therefore, database queries may be performed during view rendering. Explicitly configure spring.jpa.open-in-view to disable this warning
2022-11-10 16:42:53.560  INFO 16952 --- [restartedMain] pertySourcedRequestMappingHandlerMapping : Mapped URL path [/v2/api-docs] onto method [springfox.documentation.swagger2.web.Swagger2Controller#getDocumentation(String, HttpServletRequest)]
2022-11-10 16:42:53.739  INFO 16952 --- [restartedMain] o.s.b.d.a.OptionalLiveReloadServer       : LiveReload server is running on port 35729
2022-11-10 16:42:55.108  INFO 16952 --- [restartedMain] o.s.b.w.embedded.tomcat.TomcatWebServer  : Tomcat started on port(s): 8080 (http) with context path ''
2022-11-10 16:42:55.109  INFO 16952 --- [restartedMain] d.s.w.p.DocumentationPluginsBootstrapper : Context refreshed
2022-11-10 16:42:55.147  INFO 16952 --- [restartedMain] d.s.w.p.DocumentationPluginsBootstrapper : Found 1 custom documentation plugin(s)
2022-11-10 16:42:55.227  INFO 16952 --- [restartedMain] s.d.s.w.s.ApiListingReferenceScanner     : Scanning for api listing references
2022-11-10 16:42:55.545  INFO 16952 --- [restartedMain] .d.s.w.r.o.CachingOperationNameGenerator : Generating unique operation named: addUsingPOST_1
2022-11-10 16:42:55.552  INFO 16952 --- [restartedMain] .d.s.w.r.o.CachingOperationNameGenerator : Generating unique operation named: deleteUsingDELETE_1
2022-11-10 16:42:55.566  INFO 16952 --- [restartedMain] .d.s.w.r.o.CachingOperationNameGenerator : Generating unique operation named: getUsingGET_1
2022-11-10 16:42:55.575  INFO 16952 --- [restartedMain] .d.s.w.r.o.CachingOperationNameGenerator : Generating unique operation named: getUsingGET_2
2022-11-10 16:42:55.581  INFO 16952 --- [restartedMain] .d.s.w.r.o.CachingOperationNameGenerator : Generating unique operation named: putUsingPUT_1
2022-11-10 16:42:55.614  INFO 16952 --- [restartedMain] com.student.ust.UstApplication           : Started UstApplication in 12.237 seconds (JVM running for 13.431)
2022-11-10 16:43:02.089  INFO 16952 --- [http-nio-8080-exec-1] o.a.c.c.C.[Tomcat].[localhost].[/]       : Initializing Spring DispatcherServlet 'dispatcherServlet'
2022-11-10 16:43:02.090  INFO 16952 --- [http-nio-8080-exec-1] o.s.web.servlet.DispatcherServlet        : Initializing Servlet 'dispatcherServlet'
2022-11-10 16:43:02.091  INFO 16952 --- [http-nio-8080-exec-1] o.s.web.servlet.DispatcherServlet        : Completed initialization in 1 ms
2022-11-10 16:43:02.151 DEBUG 16952 --- [http-nio-8080-exec-1] c.s.ust.controller.StudentController     : Passed in ID is >>>> 1000
2022-11-10 16:45:19.801 DEBUG 16952 --- [http-nio-8080-exec-2] c.s.ust.controller.StudentController     : Passed in ID is >>>> 10000
2022-11-10 16:46:03.167  INFO 16952 --- [SpringApplicationShutdownHook] j.LocalContainerEntityManagerFactoryBean : Closing JPA EntityManagerFactory for persistence unit 'default'
2022-11-10 16:46:03.174  INFO 16952 --- [SpringApplicationShutdownHook] com.zaxxer.hikari.HikariDataSource       : HikariPool-1 - Shutdown initiated...
2022-11-10 16:46:03.192  INFO 16952 --- [SpringApplicationShutdownHook] com.zaxxer.hikari.HikariDataSource       : HikariPool-1 - Shutdown completed.
2022-11-10 16:46:20.040  INFO 9760 --- [restartedMain] com.student.ust.UstApplication           : Starting UstApplication using Java 1.8.0_241 on ustfsd57 with PID 9760 (C:\Users\ustjavafsdb220\Downloads\ust\ust\target\classes started by ustjavafsdb220 in C:\Users\ustjavafsdb220\Downloads\ust)
2022-11-10 16:46:20.041 DEBUG 9760 --- [restartedMain] com.student.ust.UstApplication           : Running with Spring Boot v2.7.5, Spring v5.3.23
2022-11-10 16:46:20.042  INFO 9760 --- [restartedMain] com.student.ust.UstApplication           : The following 1 profile is active: "dev"
2022-11-10 16:46:20.166  INFO 9760 --- [restartedMain] .e.DevToolsPropertyDefaultsPostProcessor : Devtools property defaults active! Set 'spring.devtools.add-properties' to 'false' to disable
2022-11-10 16:46:20.167  INFO 9760 --- [restartedMain] .e.DevToolsPropertyDefaultsPostProcessor : For additional web related logging consider setting the 'logging.level.web' property to 'DEBUG'
2022-11-10 16:46:21.922  INFO 9760 --- [restartedMain] .s.d.r.c.RepositoryConfigurationDelegate : Bootstrapping Spring Data JPA repositories in DEFAULT mode.
2022-11-10 16:46:22.138  INFO 9760 --- [restartedMain] .s.d.r.c.RepositoryConfigurationDelegate : Finished Spring Data repository scanning in 191 ms. Found 2 JPA repository interfaces.
2022-11-10 16:46:23.688  INFO 9760 --- [restartedMain] o.s.b.w.embedded.tomcat.TomcatWebServer  : Tomcat initialized with port(s): 8080 (http)
2022-11-10 16:46:23.708  INFO 9760 --- [restartedMain] o.apache.catalina.core.StandardService   : Starting service [Tomcat]
2022-11-10 16:46:23.709  INFO 9760 --- [restartedMain] org.apache.catalina.core.StandardEngine  : Starting Servlet engine: [Apache Tomcat/9.0.68]
2022-11-10 16:46:23.927  INFO 9760 --- [restartedMain] o.a.c.c.C.[Tomcat].[localhost].[/]       : Initializing Spring embedded WebApplicationContext
2022-11-10 16:46:23.928  INFO 9760 --- [restartedMain] w.s.c.ServletWebServerApplicationContext : Root WebApplicationContext: initialization completed in 3760 ms
2022-11-10 16:46:24.408  INFO 9760 --- [restartedMain] o.hibernate.jpa.internal.util.LogHelper  : HHH000204: Processing PersistenceUnitInfo [name: default]
2022-11-10 16:46:24.509  INFO 9760 --- [restartedMain] org.hibernate.Version                    : HHH000412: Hibernate ORM core version 5.6.12.Final
2022-11-10 16:46:24.904  INFO 9760 --- [restartedMain] o.hibernate.annotations.common.Version   : HCANN000001: Hibernate Commons Annotations {5.1.2.Final}
2022-11-10 16:46:25.137  INFO 9760 --- [restartedMain] com.zaxxer.hikari.HikariDataSource       : HikariPool-1 - Starting...
2022-11-10 16:46:25.851  INFO 9760 --- [restartedMain] com.zaxxer.hikari.HikariDataSource       : HikariPool-1 - Start completed.
2022-11-10 16:46:25.883  INFO 9760 --- [restartedMain] org.hibernate.dialect.Dialect            : HHH000400: Using dialect: org.hibernate.dialect.MySQL5Dialect
2022-11-10 16:46:27.378  INFO 9760 --- [restartedMain] o.h.e.t.j.p.i.JtaPlatformInitiator       : HHH000490: Using JtaPlatform implementation: [org.hibernate.engine.transaction.jta.platform.internal.NoJtaPlatform]
2022-11-10 16:46:27.396  INFO 9760 --- [restartedMain] j.LocalContainerEntityManagerFactoryBean : Initialized JPA EntityManagerFactory for persistence unit 'default'
2022-11-10 16:46:29.352  WARN 9760 --- [restartedMain] JpaBaseConfiguration$JpaWebConfiguration : spring.jpa.open-in-view is enabled by default. Therefore, database queries may be performed during view rendering. Explicitly configure spring.jpa.open-in-view to disable this warning
2022-11-10 16:46:29.616  INFO 9760 --- [restartedMain] pertySourcedRequestMappingHandlerMapping : Mapped URL path [/v2/api-docs] onto method [springfox.documentation.swagger2.web.Swagger2Controller#getDocumentation(String, HttpServletRequest)]
2022-11-10 16:46:29.837  INFO 9760 --- [restartedMain] o.s.b.d.a.OptionalLiveReloadServer       : LiveReload server is running on port 35729
2022-11-10 16:46:31.476  INFO 9760 --- [restartedMain] o.s.b.w.embedded.tomcat.TomcatWebServer  : Tomcat started on port(s): 8080 (http) with context path ''
2022-11-10 16:46:31.478  INFO 9760 --- [restartedMain] d.s.w.p.DocumentationPluginsBootstrapper : Context refreshed
2022-11-10 16:46:31.517  INFO 9760 --- [restartedMain] d.s.w.p.DocumentationPluginsBootstrapper : Found 1 custom documentation plugin(s)
2022-11-10 16:46:31.592  INFO 9760 --- [restartedMain] s.d.s.w.s.ApiListingReferenceScanner     : Scanning for api listing references
2022-11-10 16:46:31.811  INFO 9760 --- [restartedMain] .d.s.w.r.o.CachingOperationNameGenerator : Generating unique operation named: addUsingPOST_1
2022-11-10 16:46:31.815  INFO 9760 --- [restartedMain] .d.s.w.r.o.CachingOperationNameGenerator : Generating unique operation named: deleteUsingDELETE_1
2022-11-10 16:46:31.820  INFO 9760 --- [restartedMain] .d.s.w.r.o.CachingOperationNameGenerator : Generating unique operation named: getUsingGET_1
2022-11-10 16:46:31.824  INFO 9760 --- [restartedMain] .d.s.w.r.o.CachingOperationNameGenerator : Generating unique operation named: getUsingGET_2
2022-11-10 16:46:31.828  INFO 9760 --- [restartedMain] .d.s.w.r.o.CachingOperationNameGenerator : Generating unique operation named: putUsingPUT_1
2022-11-10 16:46:31.859  INFO 9760 --- [restartedMain] com.student.ust.UstApplication           : Started UstApplication in 12.602 seconds (JVM running for 14.827)
2022-11-10 16:46:39.056  INFO 9760 --- [http-nio-8080-exec-2] o.a.c.c.C.[Tomcat].[localhost].[/]       : Initializing Spring DispatcherServlet 'dispatcherServlet'
2022-11-10 16:46:39.056  INFO 9760 --- [http-nio-8080-exec-2] o.s.web.servlet.DispatcherServlet        : Initializing Servlet 'dispatcherServlet'
2022-11-10 16:46:39.058  INFO 9760 --- [http-nio-8080-exec-2] o.s.web.servlet.DispatcherServlet        : Completed initialization in 2 ms
2022-11-10 16:46:39.114 DEBUG 9760 --- [http-nio-8080-exec-2] c.s.ust.controller.StudentController     : Passed in ID is >>>> 10000
2022-11-10 16:47:13.681  WARN 9760 --- [HikariPool-1 housekeeper] com.zaxxer.hikari.pool.HikariPool        : HikariPool-1 - Thread starvation or clock leap detected (housekeeper delta=47s707ms1µs400ns).
2022-11-10 16:47:45.148  INFO 9760 --- [SpringApplicationShutdownHook] j.LocalContainerEntityManagerFactoryBean : Closing JPA EntityManagerFactory for persistence unit 'default'
2022-11-10 16:47:45.156  INFO 9760 --- [SpringApplicationShutdownHook] com.zaxxer.hikari.HikariDataSource       : HikariPool-1 - Shutdown initiated...
2022-11-10 16:47:45.177  INFO 9760 --- [SpringApplicationShutdownHook] com.zaxxer.hikari.HikariDataSource       : HikariPool-1 - Shutdown completed.
2022-11-10 16:51:00.247  INFO 6352 --- [restartedMain] com.student.ust.UstApplication           : Starting UstApplication using Java 1.8.0_241 on ustfsd57 with PID 6352 (C:\Users\ustjavafsdb220\Downloads\ust\ust\target\classes started by ustjavafsdb220 in C:\Users\ustjavafsdb220\Downloads\ust)
2022-11-10 16:51:00.248 DEBUG 6352 --- [restartedMain] com.student.ust.UstApplication           : Running with Spring Boot v2.7.5, Spring v5.3.23
2022-11-10 16:51:00.249  INFO 6352 --- [restartedMain] com.student.ust.UstApplication           : The following 1 profile is active: "dev"
2022-11-10 16:51:00.359  INFO 6352 --- [restartedMain] .e.DevToolsPropertyDefaultsPostProcessor : Devtools property defaults active! Set 'spring.devtools.add-properties' to 'false' to disable
2022-11-10 16:51:00.361  INFO 6352 --- [restartedMain] .e.DevToolsPropertyDefaultsPostProcessor : For additional web related logging consider setting the 'logging.level.web' property to 'DEBUG'
2022-11-10 16:51:01.933  INFO 6352 --- [restartedMain] .s.d.r.c.RepositoryConfigurationDelegate : Bootstrapping Spring Data JPA repositories in DEFAULT mode.
2022-11-10 16:51:02.021  INFO 6352 --- [restartedMain] .s.d.r.c.RepositoryConfigurationDelegate : Finished Spring Data repository scanning in 73 ms. Found 2 JPA repository interfaces.
2022-11-10 16:51:03.208  INFO 6352 --- [restartedMain] o.s.b.w.embedded.tomcat.TomcatWebServer  : Tomcat initialized with port(s): 8080 (http)
2022-11-10 16:51:03.240  INFO 6352 --- [restartedMain] o.apache.catalina.core.StandardService   : Starting service [Tomcat]
2022-11-10 16:51:03.240  INFO 6352 --- [restartedMain] org.apache.catalina.core.StandardEngine  : Starting Servlet engine: [Apache Tomcat/9.0.68]
2022-11-10 16:51:03.477  INFO 6352 --- [restartedMain] o.a.c.c.C.[Tomcat].[localhost].[/]       : Initializing Spring embedded WebApplicationContext
2022-11-10 16:51:03.478  INFO 6352 --- [restartedMain] w.s.c.ServletWebServerApplicationContext : Root WebApplicationContext: initialization completed in 3116 ms
2022-11-10 16:51:04.085  INFO 6352 --- [restartedMain] o.hibernate.jpa.internal.util.LogHelper  : HHH000204: Processing PersistenceUnitInfo [name: default]
2022-11-10 16:51:04.195  INFO 6352 --- [restartedMain] org.hibernate.Version                    : HHH000412: Hibernate ORM core version 5.6.12.Final
2022-11-10 16:51:04.509  INFO 6352 --- [restartedMain] o.hibernate.annotations.common.Version   : HCANN000001: Hibernate Commons Annotations {5.1.2.Final}
2022-11-10 16:51:04.684  INFO 6352 --- [restartedMain] com.zaxxer.hikari.HikariDataSource       : HikariPool-1 - Starting...
2022-11-10 16:51:05.355  INFO 6352 --- [restartedMain] com.zaxxer.hikari.HikariDataSource       : HikariPool-1 - Start completed.
2022-11-10 16:51:05.385  INFO 6352 --- [restartedMain] org.hibernate.dialect.Dialect            : HHH000400: Using dialect: org.hibernate.dialect.MySQL5Dialect
2022-11-10 16:51:06.675  INFO 6352 --- [restartedMain] o.h.e.t.j.p.i.JtaPlatformInitiator       : HHH000490: Using JtaPlatform implementation: [org.hibernate.engine.transaction.jta.platform.internal.NoJtaPlatform]
2022-11-10 16:51:06.691  INFO 6352 --- [restartedMain] j.LocalContainerEntityManagerFactoryBean : Initialized JPA EntityManagerFactory for persistence unit 'default'
2022-11-10 16:51:08.338  WARN 6352 --- [restartedMain] JpaBaseConfiguration$JpaWebConfiguration : spring.jpa.open-in-view is enabled by default. Therefore, database queries may be performed during view rendering. Explicitly configure spring.jpa.open-in-view to disable this warning
2022-11-10 16:51:08.565  INFO 6352 --- [restartedMain] pertySourcedRequestMappingHandlerMapping : Mapped URL path [/v2/api-docs] onto method [springfox.documentation.swagger2.web.Swagger2Controller#getDocumentation(String, HttpServletRequest)]
2022-11-10 16:51:08.755  INFO 6352 --- [restartedMain] o.s.b.d.a.OptionalLiveReloadServer       : LiveReload server is running on port 35729
2022-11-10 16:51:10.252  INFO 6352 --- [restartedMain] o.s.b.w.embedded.tomcat.TomcatWebServer  : Tomcat started on port(s): 8080 (http) with context path ''
2022-11-10 16:51:10.254  INFO 6352 --- [restartedMain] d.s.w.p.DocumentationPluginsBootstrapper : Context refreshed
2022-11-10 16:51:10.293  INFO 6352 --- [restartedMain] d.s.w.p.DocumentationPluginsBootstrapper : Found 1 custom documentation plugin(s)
2022-11-10 16:51:10.353  INFO 6352 --- [restartedMain] s.d.s.w.s.ApiListingReferenceScanner     : Scanning for api listing references
2022-11-10 16:51:10.544  INFO 6352 --- [restartedMain] .d.s.w.r.o.CachingOperationNameGenerator : Generating unique operation named: addUsingPOST_1
2022-11-10 16:51:10.548  INFO 6352 --- [restartedMain] .d.s.w.r.o.CachingOperationNameGenerator : Generating unique operation named: deleteUsingDELETE_1
2022-11-10 16:51:10.555  INFO 6352 --- [restartedMain] .d.s.w.r.o.CachingOperationNameGenerator : Generating unique operation named: getUsingGET_1
2022-11-10 16:51:10.561  INFO 6352 --- [restartedMain] .d.s.w.r.o.CachingOperationNameGenerator : Generating unique operation named: getUsingGET_2
2022-11-10 16:51:10.565  INFO 6352 --- [restartedMain] .d.s.w.r.o.CachingOperationNameGenerator : Generating unique operation named: putUsingPUT_1
2022-11-10 16:51:10.593  INFO 6352 --- [restartedMain] com.student.ust.UstApplication           : Started UstApplication in 10.969 seconds (JVM running for 11.818)
2022-11-10 16:51:16.673  INFO 6352 --- [http-nio-8080-exec-1] o.a.c.c.C.[Tomcat].[localhost].[/]       : Initializing Spring DispatcherServlet 'dispatcherServlet'
2022-11-10 16:51:16.673  INFO 6352 --- [http-nio-8080-exec-1] o.s.web.servlet.DispatcherServlet        : Initializing Servlet 'dispatcherServlet'
2022-11-10 16:51:16.675  INFO 6352 --- [http-nio-8080-exec-1] o.s.web.servlet.DispatcherServlet        : Completed initialization in 2 ms
2022-11-10 16:51:16.731 DEBUG 6352 --- [http-nio-8080-exec-1] c.s.ust.controller.StudentController     : Passed in ID is >>>> 10000
2022-11-10 17:28:38.176  INFO 6352 --- [SpringApplicationShutdownHook] j.LocalContainerEntityManagerFactoryBean : Closing JPA EntityManagerFactory for persistence unit 'default'
2022-11-10 17:28:38.203  INFO 6352 --- [SpringApplicationShutdownHook] com.zaxxer.hikari.HikariDataSource       : HikariPool-1 - Shutdown initiated...
2022-11-10 17:28:38.220  INFO 6352 --- [SpringApplicationShutdownHook] com.zaxxer.hikari.HikariDataSource       : HikariPool-1 - Shutdown completed.
2022-11-10 17:28:47.849  INFO 16524 --- [restartedMain] com.student.ust.UstApplication           : Starting UstApplication using Java 1.8.0_241 on ustfsd57 with PID 16524 (C:\Users\ustjavafsdb220\Downloads\ust\ust\target\classes started by ustjavafsdb220 in C:\Users\ustjavafsdb220\Downloads\ust)
2022-11-10 17:28:47.852 DEBUG 16524 --- [restartedMain] com.student.ust.UstApplication           : Running with Spring Boot v2.7.5, Spring v5.3.23
2022-11-10 17:28:47.853  INFO 16524 --- [restartedMain] com.student.ust.UstApplication           : The following 1 profile is active: "dev"
2022-11-10 17:28:48.024  INFO 16524 --- [restartedMain] .e.DevToolsPropertyDefaultsPostProcessor : Devtools property defaults active! Set 'spring.devtools.add-properties' to 'false' to disable
2022-11-10 17:28:48.026  INFO 16524 --- [restartedMain] .e.DevToolsPropertyDefaultsPostProcessor : For additional web related logging consider setting the 'logging.level.web' property to 'DEBUG'
2022-11-10 17:28:50.380  INFO 16524 --- [restartedMain] .s.d.r.c.RepositoryConfigurationDelegate : Bootstrapping Spring Data JPA repositories in DEFAULT mode.
2022-11-10 17:28:50.555  INFO 16524 --- [restartedMain] .s.d.r.c.RepositoryConfigurationDelegate : Finished Spring Data repository scanning in 145 ms. Found 2 JPA repository interfaces.
2022-11-10 17:28:52.557  INFO 16524 --- [restartedMain] o.s.b.w.embedded.tomcat.TomcatWebServer  : Tomcat initialized with port(s): 8080 (http)
2022-11-10 17:28:52.618  INFO 16524 --- [restartedMain] o.apache.catalina.core.StandardService   : Starting service [Tomcat]
2022-11-10 17:28:52.625  INFO 16524 --- [restartedMain] org.apache.catalina.core.StandardEngine  : Starting Servlet engine: [Apache Tomcat/9.0.68]
2022-11-10 17:28:52.956  INFO 16524 --- [restartedMain] o.a.c.c.C.[Tomcat].[localhost].[/]       : Initializing Spring embedded WebApplicationContext
2022-11-10 17:28:52.957  INFO 16524 --- [restartedMain] w.s.c.ServletWebServerApplicationContext : Root WebApplicationContext: initialization completed in 4930 ms
2022-11-10 17:28:53.683  INFO 16524 --- [restartedMain] o.hibernate.jpa.internal.util.LogHelper  : HHH000204: Processing PersistenceUnitInfo [name: default]
2022-11-10 17:28:54.012  INFO 16524 --- [restartedMain] org.hibernate.Version                    : HHH000412: Hibernate ORM core version 5.6.12.Final
2022-11-10 17:28:54.527  INFO 16524 --- [restartedMain] o.hibernate.annotations.common.Version   : HCANN000001: Hibernate Commons Annotations {5.1.2.Final}
2022-11-10 17:28:54.860  INFO 16524 --- [restartedMain] com.zaxxer.hikari.HikariDataSource       : HikariPool-1 - Starting...
2022-11-10 17:28:55.728  INFO 16524 --- [restartedMain] com.zaxxer.hikari.HikariDataSource       : HikariPool-1 - Start completed.
2022-11-10 17:28:55.777  INFO 16524 --- [restartedMain] org.hibernate.dialect.Dialect            : HHH000400: Using dialect: org.hibernate.dialect.MySQL5Dialect
2022-11-10 17:28:58.111  INFO 16524 --- [restartedMain] o.h.e.t.j.p.i.JtaPlatformInitiator       : HHH000490: Using JtaPlatform implementation: [org.hibernate.engine.transaction.jta.platform.internal.NoJtaPlatform]
2022-11-10 17:28:58.137  INFO 16524 --- [restartedMain] j.LocalContainerEntityManagerFactoryBean : Initialized JPA EntityManagerFactory for persistence unit 'default'
2022-11-10 17:29:00.680  WARN 16524 --- [restartedMain] JpaBaseConfiguration$JpaWebConfiguration : spring.jpa.open-in-view is enabled by default. Therefore, database queries may be performed during view rendering. Explicitly configure spring.jpa.open-in-view to disable this warning
2022-11-10 17:29:01.206  INFO 16524 --- [restartedMain] pertySourcedRequestMappingHandlerMapping : Mapped URL path [/v2/api-docs] onto method [springfox.documentation.swagger2.web.Swagger2Controller#getDocumentation(String, HttpServletRequest)]
2022-11-10 17:29:01.640  INFO 16524 --- [restartedMain] o.s.b.d.a.OptionalLiveReloadServer       : LiveReload server is running on port 35729
2022-11-10 17:29:04.341  INFO 16524 --- [restartedMain] o.s.b.w.embedded.tomcat.TomcatWebServer  : Tomcat started on port(s): 8080 (http) with context path ''
2022-11-10 17:29:04.344  INFO 16524 --- [restartedMain] d.s.w.p.DocumentationPluginsBootstrapper : Context refreshed
2022-11-10 17:29:04.403  INFO 16524 --- [restartedMain] d.s.w.p.DocumentationPluginsBootstrapper : Found 1 custom documentation plugin(s)
2022-11-10 17:29:04.503  INFO 16524 --- [restartedMain] s.d.s.w.s.ApiListingReferenceScanner     : Scanning for api listing references
2022-11-10 17:29:04.808  INFO 16524 --- [restartedMain] .d.s.w.r.o.CachingOperationNameGenerator : Generating unique operation named: addUsingPOST_1
2022-11-10 17:29:04.813  INFO 16524 --- [restartedMain] .d.s.w.r.o.CachingOperationNameGenerator : Generating unique operation named: deleteUsingDELETE_1
2022-11-10 17:29:04.819  INFO 16524 --- [restartedMain] .d.s.w.r.o.CachingOperationNameGenerator : Generating unique operation named: getUsingGET_1
2022-11-10 17:29:04.824  INFO 16524 --- [restartedMain] .d.s.w.r.o.CachingOperationNameGenerator : Generating unique operation named: getUsingGET_2
2022-11-10 17:29:04.829  INFO 16524 --- [restartedMain] .d.s.w.r.o.CachingOperationNameGenerator : Generating unique operation named: putUsingPUT_1
2022-11-10 17:29:04.872  INFO 16524 --- [restartedMain] com.student.ust.UstApplication           : Started UstApplication in 18.077 seconds (JVM running for 19.437)
2022-11-10 17:29:55.651  INFO 16524 --- [SpringApplicationShutdownHook] j.LocalContainerEntityManagerFactoryBean : Closing JPA EntityManagerFactory for persistence unit 'default'
2022-11-10 17:29:55.682  INFO 16524 --- [SpringApplicationShutdownHook] com.zaxxer.hikari.HikariDataSource       : HikariPool-1 - Shutdown initiated...
2022-11-10 17:29:55.698  INFO 16524 --- [SpringApplicationShutdownHook] com.zaxxer.hikari.HikariDataSource       : HikariPool-1 - Shutdown completed.
2022-11-10 17:30:00.523  INFO 9508 --- [restartedMain] com.student.ust.UstApplication           : Starting UstApplication using Java 1.8.0_241 on ustfsd57 with PID 9508 (C:\Users\ustjavafsdb220\Downloads\ust\ust\target\classes started by ustjavafsdb220 in C:\Users\ustjavafsdb220\Downloads\ust)
2022-11-10 17:30:00.526 DEBUG 9508 --- [restartedMain] com.student.ust.UstApplication           : Running with Spring Boot v2.7.5, Spring v5.3.23
2022-11-10 17:30:00.527  INFO 9508 --- [restartedMain] com.student.ust.UstApplication           : The following 1 profile is active: "dev"
2022-11-10 17:30:00.702  INFO 9508 --- [restartedMain] .e.DevToolsPropertyDefaultsPostProcessor : Devtools property defaults active! Set 'spring.devtools.add-properties' to 'false' to disable
2022-11-10 17:30:00.702  INFO 9508 --- [restartedMain] .e.DevToolsPropertyDefaultsPostProcessor : For additional web related logging consider setting the 'logging.level.web' property to 'DEBUG'
2022-11-10 17:30:02.716  INFO 9508 --- [restartedMain] .s.d.r.c.RepositoryConfigurationDelegate : Bootstrapping Spring Data JPA repositories in DEFAULT mode.
2022-11-10 17:30:02.868  INFO 9508 --- [restartedMain] .s.d.r.c.RepositoryConfigurationDelegate : Finished Spring Data repository scanning in 127 ms. Found 2 JPA repository interfaces.
2022-11-10 17:30:04.498  INFO 9508 --- [restartedMain] o.s.b.w.embedded.tomcat.TomcatWebServer  : Tomcat initialized with port(s): 8080 (http)
2022-11-10 17:30:04.524  INFO 9508 --- [restartedMain] o.apache.catalina.core.StandardService   : Starting service [Tomcat]
2022-11-10 17:30:04.525  INFO 9508 --- [restartedMain] org.apache.catalina.core.StandardEngine  : Starting Servlet engine: [Apache Tomcat/9.0.68]
2022-11-10 17:30:04.788  INFO 9508 --- [restartedMain] o.a.c.c.C.[Tomcat].[localhost].[/]       : Initializing Spring embedded WebApplicationContext
2022-11-10 17:30:04.789  INFO 9508 --- [restartedMain] w.s.c.ServletWebServerApplicationContext : Root WebApplicationContext: initialization completed in 4086 ms
2022-11-10 17:30:05.367  INFO 9508 --- [restartedMain] o.hibernate.jpa.internal.util.LogHelper  : HHH000204: Processing PersistenceUnitInfo [name: default]
2022-11-10 17:30:05.479  INFO 9508 --- [restartedMain] org.hibernate.Version                    : HHH000412: Hibernate ORM core version 5.6.12.Final
2022-11-10 17:30:05.929  INFO 9508 --- [restartedMain] o.hibernate.annotations.common.Version   : HCANN000001: Hibernate Commons Annotations {5.1.2.Final}
2022-11-10 17:30:06.242  INFO 9508 --- [restartedMain] com.zaxxer.hikari.HikariDataSource       : HikariPool-1 - Starting...
2022-11-10 17:30:07.011  INFO 9508 --- [restartedMain] com.zaxxer.hikari.HikariDataSource       : HikariPool-1 - Start completed.
2022-11-10 17:30:07.044  INFO 9508 --- [restartedMain] org.hibernate.dialect.Dialect            : HHH000400: Using dialect: org.hibernate.dialect.MySQL5Dialect
2022-11-10 17:30:08.923  INFO 9508 --- [restartedMain] o.h.e.t.j.p.i.JtaPlatformInitiator       : HHH000490: Using JtaPlatform implementation: [org.hibernate.engine.transaction.jta.platform.internal.NoJtaPlatform]
2022-11-10 17:30:08.944  INFO 9508 --- [restartedMain] j.LocalContainerEntityManagerFactoryBean : Initialized JPA EntityManagerFactory for persistence unit 'default'
2022-11-10 17:30:11.126  WARN 9508 --- [restartedMain] JpaBaseConfiguration$JpaWebConfiguration : spring.jpa.open-in-view is enabled by default. Therefore, database queries may be performed during view rendering. Explicitly configure spring.jpa.open-in-view to disable this warning
2022-11-10 17:30:11.453  INFO 9508 --- [restartedMain] pertySourcedRequestMappingHandlerMapping : Mapped URL path [/v2/api-docs] onto method [springfox.documentation.swagger2.web.Swagger2Controller#getDocumentation(String, HttpServletRequest)]
2022-11-10 17:30:11.816  INFO 9508 --- [restartedMain] o.s.b.d.a.OptionalLiveReloadServer       : LiveReload server is running on port 35729
2022-11-10 17:30:13.877  INFO 9508 --- [restartedMain] o.s.b.w.embedded.tomcat.TomcatWebServer  : Tomcat started on port(s): 8080 (http) with context path ''
2022-11-10 17:30:13.886  INFO 9508 --- [restartedMain] d.s.w.p.DocumentationPluginsBootstrapper : Context refreshed
2022-11-10 17:30:13.940  INFO 9508 --- [restartedMain] d.s.w.p.DocumentationPluginsBootstrapper : Found 1 custom documentation plugin(s)
2022-11-10 17:30:14.047  INFO 9508 --- [restartedMain] s.d.s.w.s.ApiListingReferenceScanner     : Scanning for api listing references
2022-11-10 17:30:14.362  INFO 9508 --- [restartedMain] .d.s.w.r.o.CachingOperationNameGenerator : Generating unique operation named: addUsingPOST_1
2022-11-10 17:30:14.365  INFO 9508 --- [restartedMain] .d.s.w.r.o.CachingOperationNameGenerator : Generating unique operation named: deleteUsingDELETE_1
2022-11-10 17:30:14.371  INFO 9508 --- [restartedMain] .d.s.w.r.o.CachingOperationNameGenerator : Generating unique operation named: getUsingGET_1
2022-11-10 17:30:14.376  INFO 9508 --- [restartedMain] .d.s.w.r.o.CachingOperationNameGenerator : Generating unique operation named: getUsingGET_2
2022-11-10 17:30:14.379  INFO 9508 --- [restartedMain] .d.s.w.r.o.CachingOperationNameGenerator : Generating unique operation named: putUsingPUT_1
2022-11-10 17:30:14.417  INFO 9508 --- [restartedMain] com.student.ust.UstApplication           : Started UstApplication in 14.778 seconds (JVM running for 16.142)
